# JRE version: OpenJDK Runtime Environment (8.0_112-b06) (build 1.8.0_112-release-b06)
# Java VM: OpenJDK 64-Bit Server VM (25.112-b06 mixed mode windows-amd64 compressed oops)
Heap:
 PSYoungGen      total 265728K, used 199763K [0x00000000e0000000, 0x00000000f6180000, 0x0000000100000000)
  eden space 197120K, 72% used [0x00000000e0000000,0x00000000e8b04658,0x00000000ec080000)
  from space 68608K, 83% used [0x00000000f0c00000,0x00000000f4410968,0x00000000f4f00000)
  to   space 77312K, 0% used [0x00000000ec080000,0x00000000ec080000,0x00000000f0c00000)
 ParOldGen       total 234496K, used 119812K [0x00000000a0000000, 0x00000000ae500000, 0x00000000e0000000)
  object space 234496K, 51% used [0x00000000a0000000,0x00000000a7501090,0x00000000ae500000)
 Metaspace       used 76167K, capacity 81624K, committed 82048K, reserved 1120256K
  class space    used 9521K, capacity 10275K, committed 10624K, reserved 1048576K
GC Heap History (10 events):
Event: 12506.175 GC heap before
{Heap before GC invocations=84 (full 4):
 PSYoungGen      total 224768K, used 163854K [0x00000000e0000000, 0x00000000f2200000, 0x0000000100000000)
  eden space 156160K, 100% used [0x00000000e0000000,0x00000000e9880000,0x00000000e9880000)
  from space 68608K, 11% used [0x00000000e9880000,0x00000000ea003850,0x00000000edb80000)
  to   space 65024K, 0% used [0x00000000ee280000,0x00000000ee280000,0x00000000f2200000)
 ParOldGen       total 234496K, used 119228K [0x00000000a0000000, 0x00000000ae500000, 0x00000000e0000000)
  object space 234496K, 50% used [0x00000000a0000000,0x00000000a746f1c0,0x00000000ae500000)
 Metaspace       used 75381K, capacity 80774K, committed 81536K, reserved 1120256K
  class space    used 9465K, capacity 10224K, committed 10624K, reserved 1048576K
Event: 12506.223 GC heap after
Heap after GC invocations=84 (full 4):
 PSYoungGen      total 231424K, used 30166K [0x00000000e0000000, 0x00000000f2280000, 0x0000000100000000)
  eden space 166400K, 0% used [0x00000000e0000000,0x00000000e0000000,0x00000000ea280000)
  from space 65024K, 46% used [0x00000000ee280000,0x00000000efff5b70,0x00000000f2200000)
  to   space 65536K, 0% used [0x00000000ea280000,0x00000000ea280000,0x00000000ee280000)
 ParOldGen       total 234496K, used 119236K [0x00000000a0000000, 0x00000000ae500000, 0x00000000e0000000)
  object space 234496K, 50% used [0x00000000a0000000,0x00000000a74711c0,0x00000000ae500000)
 Metaspace       used 75381K, capacity 80774K, committed 81536K, reserved 1120256K
  class space    used 9465K, capacity 10224K, committed 10624K, reserved 1048576K
}
Event: 12509.555 GC heap before
{Heap before GC invocations=85 (full 4):
 PSYoungGen      total 231424K, used 196566K [0x00000000e0000000, 0x00000000f2280000, 0x0000000100000000)
  eden space 166400K, 100% used [0x00000000e0000000,0x00000000ea280000,0x00000000ea280000)
  from space 65024K, 46% used [0x00000000ee280000,0x00000000efff5b70,0x00000000f2200000)
  to   space 65536K, 0% used [0x00000000ea280000,0x00000000ea280000,0x00000000ee280000)
 ParOldGen       total 234496K, used 119236K [0x00000000a0000000, 0x00000000ae500000, 0x00000000e0000000)
  object space 234496K, 50% used [0x00000000a0000000,0x00000000a74711c0,0x00000000ae500000)
 Metaspace       used 75902K, capacity 81382K, committed 81792K, reserved 1120256K
  class space    used 9502K, capacity 10256K, committed 10624K, reserved 1048576K
Event: 12509.579 GC heap after
Heap after GC invocations=85 (full 4):
 PSYoungGen      total 231936K, used 6609K [0x00000000e0000000, 0x00000000f2700000, 0x0000000100000000)
  eden space 166400K, 0% used [0x00000000e0000000,0x00000000e0000000,0x00000000ea280000)
  from space 65536K, 10% used [0x00000000ea280000,0x00000000ea8f45c8,0x00000000ee280000)
  to   space 62464K, 0% used [0x00000000eea00000,0x00000000eea00000,0x00000000f2700000)
 ParOldGen       total 234496K, used 119244K [0x00000000a0000000, 0x00000000ae500000, 0x00000000e0000000)
  object space 234496K, 50% used [0x00000000a0000000,0x00000000a74731c0,0x00000000ae500000)
 Metaspace       used 75902K, capacity 81382K, committed 81792K, reserved 1120256K
  class space    used 9502K, capacity 10256K, committed 10624K, reserved 1048576K
}
Event: 12512.888 GC heap before
{Heap before GC invocations=86 (full 4):
 PSYoungGen      total 231936K, used 173009K [0x00000000e0000000, 0x00000000f2700000, 0x0000000100000000)
  eden space 166400K, 100% used [0x00000000e0000000,0x00000000ea280000,0x00000000ea280000)
  from space 65536K, 10% used [0x00000000ea280000,0x00000000ea8f45c8,0x00000000ee280000)
  to   space 62464K, 0% used [0x00000000eea00000,0x00000000eea00000,0x00000000f2700000)
 ParOldGen       total 234496K, used 119244K [0x00000000a0000000, 0x00000000ae500000, 0x00000000e0000000)
  object space 234496K, 50% used [0x00000000a0000000,0x00000000a74731c0,0x00000000ae500000)
 Metaspace       used 76025K, capacity 81506K, committed 82048K, reserved 1120256K
  class space    used 9509K, capacity 10266K, committed 10624K, reserved 1048576K
Event: 12512.911 GC heap after
Heap after GC invocations=86 (full 4):
 PSYoungGen      total 233472K, used 20474K [0x00000000e0000000, 0x00000000f2100000, 0x0000000100000000)
  eden space 177152K, 0% used [0x00000000e0000000,0x00000000e0000000,0x00000000ead00000)
  from space 56320K, 36% used [0x00000000eea00000,0x00000000efdfeae0,0x00000000f2100000)
  to   space 59392K, 0% used [0x00000000ead00000,0x00000000ead00000,0x00000000ee700000)
 ParOldGen       total 234496K, used 119252K [0x00000000a0000000, 0x00000000ae500000, 0x00000000e0000000)
  object space 234496K, 50% used [0x00000000a0000000,0x00000000a74751c0,0x00000000ae500000)
 Metaspace       used 76025K, capacity 81506K, committed 82048K, reserved 1120256K
  class space    used 9509K, capacity 10266K, committed 10624K, reserved 1048576K
}
Event: 12513.400 GC heap before
{Heap before GC invocations=87 (full 4):
 PSYoungGen      total 233472K, used 197599K [0x00000000e0000000, 0x00000000f2100000, 0x0000000100000000)
  eden space 177152K, 99% used [0x00000000e0000000,0x00000000eacf9378,0x00000000ead00000)
  from space 56320K, 36% used [0x00000000eea00000,0x00000000efdfeae0,0x00000000f2100000)
  to   space 59392K, 0% used [0x00000000ead00000,0x00000000ead00000,0x00000000ee700000)
 ParOldGen       total 234496K, used 119252K [0x00000000a0000000, 0x00000000ae500000, 0x00000000e0000000)
  object space 234496K, 50% used [0x00000000a0000000,0x00000000a74751c0,0x00000000ae500000)
 Metaspace       used 76049K, capacity 81570K, committed 82048K, reserved 1120256K
  class space    used 9509K, capacity 10266K, committed 10624K, reserved 1048576K
Event: 12513.526 GC heap after
Heap after GC invocations=87 (full 4):
 PSYoungGen      total 236544K, used 52819K [0x00000000e0000000, 0x00000000f4f00000, 0x0000000100000000)
  eden space 177152K, 0% used [0x00000000e0000000,0x00000000e0000000,0x00000000ead00000)
  from space 59392K, 88% used [0x00000000ead00000,0x00000000ee094d90,0x00000000ee700000)
  to   space 68608K, 0% used [0x00000000f0c00000,0x00000000f0c00000,0x00000000f4f00000)
 ParOldGen       total 234496K, used 119260K [0x00000000a0000000, 0x00000000ae500000, 0x00000000e0000000)
  object space 234496K, 50% used [0x00000000a0000000,0x00000000a74771c0,0x00000000ae500000)
 Metaspace       used 76049K, capacity 81570K, committed 82048K, reserved 1120256K
  class space    used 9509K, capacity 10266K, committed 10624K, reserved 1048576K
}
Event: 12513.930 GC heap before
{Heap before GC invocations=88 (full 4):
 PSYoungGen      total 236544K, used 229971K [0x00000000e0000000, 0x00000000f4f00000, 0x0000000100000000)
  eden space 177152K, 100% used [0x00000000e0000000,0x00000000ead00000,0x00000000ead00000)
  from space 59392K, 88% used [0x00000000ead00000,0x00000000ee094d90,0x00000000ee700000)
  to   space 68608K, 0% used [0x00000000f0c00000,0x00000000f0c00000,0x00000000f4f00000)
 ParOldGen       total 234496K, used 119260K [0x00000000a0000000, 0x00000000ae500000, 0x00000000e0000000)
  object space 234496K, 50% used [0x00000000a0000000,0x00000000a74771c0,0x00000000ae500000)
 Metaspace       used 76063K, capacity 81570K, committed 82048K, reserved 1120256K
  class space    used 9509K, capacity 10266K, committed 10624K, reserved 1048576K
Event: 12513.992 GC heap after
Heap after GC invocations=88 (full 4):
 PSYoungGen      total 265728K, used 57410K [0x00000000e0000000, 0x00000000f6180000, 0x0000000100000000)
  eden space 197120K, 0% used [0x00000000e0000000,0x00000000e0000000,0x00000000ec080000)
  from space 68608K, 83% used [0x00000000f0c00000,0x00000000f4410968,0x00000000f4f00000)
  to   space 77312K, 0% used [0x00000000ec080000,0x00000000ec080000,0x00000000f0c00000)
 ParOldGen       total 234496K, used 119812K [0x00000000a0000000, 0x00000000ae500000, 0x00000000e0000000)
  object space 234496K, 51% used [0x00000000a0000000,0x00000000a7501090,0x00000000ae500000)
 Metaspace       used 76063K, capacity 81570K, committed 82048K, reserved 1120256K
  class space    used 9509K, capacity 10266K, committed 10624K, reserved 1048576K
}

